2025-09-06T20:06:30.574279Z  INFO tailwindcss_oxide::scanner: Provided sources:
2025-09-06T20:06:30.574531Z  INFO tailwindcss_oxide::scanner: Source: PublicSourceEntry { base: "C:\\Users\\admin\\OneDrive - Vilnius University\\ARISZE_FINAL\\arisze-app", pattern: "**/*", negated: false }
2025-09-06T20:06:30.574751Z  INFO tailwindcss_oxide::scanner: Optimized sources:
2025-09-06T20:06:30.574769Z  INFO tailwindcss_oxide::scanner: Source: Auto { base: "C:\\Users\\admin\\OneDrive - Vilnius University\\ARISZE_FINAL\\arisze-app" }
2025-09-06T20:06:30.576586Z  INFO scan_sources: tailwindcss_oxide::scanner: enter
2025-09-06T20:06:30.578094Z  INFO scan_sources: tailwindcss_oxide::scanner: Discovering "C:\\Users\\admin\\OneDrive - Vilnius University\\ARISZE_FINAL\\arisze-app\\.eslintrc.json"
2025-09-06T20:06:30.578484Z  INFO scan_sources: tailwindcss_oxide::scanner: Discovering "C:\\Users\\admin\\OneDrive - Vilnius University\\ARISZE_FINAL\\arisze-app\\app"
2025-09-06T20:06:30.581311Z  INFO scan_sources: tailwindcss_oxide::scanner: Discovering "C:\\Users\\admin\\OneDrive - Vilnius University\\ARISZE_FINAL\\arisze-app\\app\\ai-hub"
2025-09-06T20:06:30.581517Z  INFO scan_sources: tailwindcss_oxide::scanner: Discovering "C:\\Users\\admin\\OneDrive - Vilnius University\\ARISZE_FINAL\\arisze-app\\app\\ai-hub\\page.tsx"
2025-09-06T20:06:30.581676Z  INFO scan_sources: tailwindcss_oxide::scanner: Discovering "C:\\Users\\admin\\OneDrive - Vilnius University\\ARISZE_FINAL\\arisze-app\\app\\api"
2025-09-06T20:06:30.581899Z  INFO scan_sources: tailwindcss_oxide::scanner: Discovering "C:\\Users\\admin\\OneDrive - Vilnius University\\ARISZE_FINAL\\arisze-app\\app\\api\\auth"
2025-09-06T20:06:30.582095Z  INFO scan_sources: tailwindcss_oxide::scanner: Discovering "C:\\Users\\admin\\OneDrive - Vilnius University\\ARISZE_FINAL\\arisze-app\\app\\api\\auth\\register"
2025-09-06T20:06:30.582245Z  INFO scan_sources: tailwindcss_oxide::scanner: Discovering "C:\\Users\\admin\\OneDrive - Vilnius University\\ARISZE_FINAL\\arisze-app\\app\\api\\auth\\register\\route.ts"
2025-09-06T20:06:30.582387Z  INFO scan_sources: tailwindcss_oxide::scanner: Discovering "C:\\Users\\admin\\OneDrive - Vilnius University\\ARISZE_FINAL\\arisze-app\\app\\api\\auth\\[...nextauth]"
2025-09-06T20:06:30.582544Z  INFO scan_sources: tailwindcss_oxide::scanner: Discovering "C:\\Users\\admin\\OneDrive - Vilnius University\\ARISZE_FINAL\\arisze-app\\app\\api\\auth\\[...nextauth]\\route.ts"
2025-09-06T20:06:30.582718Z  INFO scan_sources: tailwindcss_oxide::scanner: Discovering "C:\\Users\\admin\\OneDrive - Vilnius University\\ARISZE_FINAL\\arisze-app\\app\\api\\bookings"
2025-09-06T20:06:30.582864Z  INFO scan_sources: tailwindcss_oxide::scanner: Discovering "C:\\Users\\admin\\OneDrive - Vilnius University\\ARISZE_FINAL\\arisze-app\\app\\api\\bookings\\route.ts"
2025-09-06T20:06:30.583001Z  INFO scan_sources: tailwindcss_oxide::scanner: Discovering "C:\\Users\\admin\\OneDrive - Vilnius University\\ARISZE_FINAL\\arisze-app\\app\\api\\cafes"
2025-09-06T20:06:30.583149Z  INFO scan_sources: tailwindcss_oxide::scanner: Discovering "C:\\Users\\admin\\OneDrive - Vilnius University\\ARISZE_FINAL\\arisze-app\\app\\api\\cafes\\route.ts"
2025-09-06T20:06:30.583288Z  INFO scan_sources: tailwindcss_oxide::scanner: Discovering "C:\\Users\\admin\\OneDrive - Vilnius University\\ARISZE_FINAL\\arisze-app\\app\\api\\events"
2025-09-06T20:06:30.583428Z  INFO scan_sources: tailwindcss_oxide::scanner: Discovering "C:\\Users\\admin\\OneDrive - Vilnius University\\ARISZE_FINAL\\arisze-app\\app\\api\\events\\route.ts"
2025-09-06T20:06:30.583570Z  INFO scan_sources: tailwindcss_oxide::scanner: Discovering "C:\\Users\\admin\\OneDrive - Vilnius University\\ARISZE_FINAL\\arisze-app\\app\\api\\init"
2025-09-06T20:06:30.583762Z  INFO scan_sources: tailwindcss_oxide::scanner: Discovering "C:\\Users\\admin\\OneDrive - Vilnius University\\ARISZE_FINAL\\arisze-app\\app\\api\\init\\route.ts"
2025-09-06T20:06:30.583966Z  INFO scan_sources: tailwindcss_oxide::scanner: Discovering "C:\\Users\\admin\\OneDrive - Vilnius University\\ARISZE_FINAL\\arisze-app\\app\\api\\posts"
2025-09-06T20:06:30.584179Z  INFO scan_sources: tailwindcss_oxide::scanner: Discovering "C:\\Users\\admin\\OneDrive - Vilnius University\\ARISZE_FINAL\\arisze-app\\app\\api\\posts\\route.ts"
2025-09-06T20:06:30.584340Z  INFO scan_sources: tailwindcss_oxide::scanner: Discovering "C:\\Users\\admin\\OneDrive - Vilnius University\\ARISZE_FINAL\\arisze-app\\app\\api\\test-connection"
2025-09-06T20:06:30.584493Z  INFO scan_sources: tailwindcss_oxide::scanner: Discovering "C:\\Users\\admin\\OneDrive - Vilnius University\\ARISZE_FINAL\\arisze-app\\app\\api\\test-connection\\route.ts"
2025-09-06T20:06:30.584632Z  INFO scan_sources: tailwindcss_oxide::scanner: Discovering "C:\\Users\\admin\\OneDrive - Vilnius University\\ARISZE_FINAL\\arisze-app\\app\\api\\universities"
2025-09-06T20:06:30.584777Z  INFO scan_sources: tailwindcss_oxide::scanner: Discovering "C:\\Users\\admin\\OneDrive - Vilnius University\\ARISZE_FINAL\\arisze-app\\app\\api\\universities\\route.ts"
2025-09-06T20:06:30.584911Z  INFO scan_sources: tailwindcss_oxide::scanner: Discovering "C:\\Users\\admin\\OneDrive - Vilnius University\\ARISZE_FINAL\\arisze-app\\app\\api\\users"
2025-09-06T20:06:30.585052Z  INFO scan_sources: tailwindcss_oxide::scanner: Discovering "C:\\Users\\admin\\OneDrive - Vilnius University\\ARISZE_FINAL\\arisze-app\\app\\api\\users\\route.ts"
2025-09-06T20:06:30.585212Z  INFO scan_sources: tailwindcss_oxide::scanner: Discovering "C:\\Users\\admin\\OneDrive - Vilnius University\\ARISZE_FINAL\\arisze-app\\app\\community"
2025-09-06T20:06:30.585351Z  INFO scan_sources: tailwindcss_oxide::scanner: Discovering "C:\\Users\\admin\\OneDrive - Vilnius University\\ARISZE_FINAL\\arisze-app\\app\\community\\page.tsx"
2025-09-06T20:06:30.585500Z  INFO scan_sources: tailwindcss_oxide::scanner: Discovering "C:\\Users\\admin\\OneDrive - Vilnius University\\ARISZE_FINAL\\arisze-app\\app\\contact"
2025-09-06T20:06:30.588094Z  INFO scan_sources: tailwindcss_oxide::scanner: Discovering "C:\\Users\\admin\\OneDrive - Vilnius University\\ARISZE_FINAL\\arisze-app\\app\\contact\\page.tsx"
2025-09-06T20:06:30.588440Z  INFO scan_sources: tailwindcss_oxide::scanner: Discovering "C:\\Users\\admin\\OneDrive - Vilnius University\\ARISZE_FINAL\\arisze-app\\app\\dashboard"
2025-09-06T20:06:30.588823Z  INFO scan_sources: tailwindcss_oxide::scanner: Discovering "C:\\Users\\admin\\OneDrive - Vilnius University\\ARISZE_FINAL\\arisze-app\\app\\dashboard\\page.tsx"
2025-09-06T20:06:30.588992Z  INFO scan_sources: tailwindcss_oxide::scanner: Discovering "C:\\Users\\admin\\OneDrive - Vilnius University\\ARISZE_FINAL\\arisze-app\\app\\events"
2025-09-06T20:06:30.589167Z  INFO scan_sources: tailwindcss_oxide::scanner: Discovering "C:\\Users\\admin\\OneDrive - Vilnius University\\ARISZE_FINAL\\arisze-app\\app\\events\\page.tsx"
2025-09-06T20:06:30.589272Z  INFO scan_sources: tailwindcss_oxide::scanner: Discovering "C:\\Users\\admin\\OneDrive - Vilnius University\\ARISZE_FINAL\\arisze-app\\app\\globals.css"
2025-09-06T20:06:30.589345Z  INFO scan_sources: tailwindcss_oxide::scanner: Discovering "C:\\Users\\admin\\OneDrive - Vilnius University\\ARISZE_FINAL\\arisze-app\\app\\layout.tsx"
2025-09-06T20:06:30.589462Z  INFO scan_sources: tailwindcss_oxide::scanner: Discovering "C:\\Users\\admin\\OneDrive - Vilnius University\\ARISZE_FINAL\\arisze-app\\app\\login"
2025-09-06T20:06:30.589611Z  INFO scan_sources: tailwindcss_oxide::scanner: Discovering "C:\\Users\\admin\\OneDrive - Vilnius University\\ARISZE_FINAL\\arisze-app\\app\\login\\page.tsx"
2025-09-06T20:06:30.589701Z  INFO scan_sources: tailwindcss_oxide::scanner: Discovering "C:\\Users\\admin\\OneDrive - Vilnius University\\ARISZE_FINAL\\arisze-app\\app\\page.tsx"
2025-09-06T20:06:30.589820Z  INFO scan_sources: tailwindcss_oxide::scanner: Discovering "C:\\Users\\admin\\OneDrive - Vilnius University\\ARISZE_FINAL\\arisze-app\\app\\signup"
2025-09-06T20:06:30.589971Z  INFO scan_sources: tailwindcss_oxide::scanner: Discovering "C:\\Users\\admin\\OneDrive - Vilnius University\\ARISZE_FINAL\\arisze-app\\app\\signup\\page.tsx"
2025-09-06T20:06:30.590172Z  INFO scan_sources: tailwindcss_oxide::scanner: Discovering "C:\\Users\\admin\\OneDrive - Vilnius University\\ARISZE_FINAL\\arisze-app\\components"
2025-09-06T20:06:30.590329Z  INFO scan_sources: tailwindcss_oxide::scanner: Discovering "C:\\Users\\admin\\OneDrive - Vilnius University\\ARISZE_FINAL\\arisze-app\\components\\providers.tsx"
2025-09-06T20:06:30.590447Z  INFO scan_sources: tailwindcss_oxide::scanner: Discovering "C:\\Users\\admin\\OneDrive - Vilnius University\\ARISZE_FINAL\\arisze-app\\components\\sections"
2025-09-06T20:06:30.590603Z  INFO scan_sources: tailwindcss_oxide::scanner: Discovering "C:\\Users\\admin\\OneDrive - Vilnius University\\ARISZE_FINAL\\arisze-app\\components\\sections\\badges-section.tsx"
2025-09-06T20:06:30.590676Z  INFO scan_sources: tailwindcss_oxide::scanner: Discovering "C:\\Users\\admin\\OneDrive - Vilnius University\\ARISZE_FINAL\\arisze-app\\components\\sections\\community-feed.tsx"
2025-09-06T20:06:30.590753Z  INFO scan_sources: tailwindcss_oxide::scanner: Discovering "C:\\Users\\admin\\OneDrive - Vilnius University\\ARISZE_FINAL\\arisze-app\\components\\sections\\contact-form.tsx"
2025-09-06T20:06:30.590823Z  INFO scan_sources: tailwindcss_oxide::scanner: Discovering "C:\\Users\\admin\\OneDrive - Vilnius University\\ARISZE_FINAL\\arisze-app\\components\\sections\\create-post.tsx"
2025-09-06T20:06:30.590892Z  INFO scan_sources: tailwindcss_oxide::scanner: Discovering "C:\\Users\\admin\\OneDrive - Vilnius University\\ARISZE_FINAL\\arisze-app\\components\\sections\\dashboard-sidebar.tsx"
2025-09-06T20:06:30.590961Z  INFO scan_sources: tailwindcss_oxide::scanner: Discovering "C:\\Users\\admin\\OneDrive - Vilnius University\\ARISZE_FINAL\\arisze-app\\components\\sections\\events-filters.tsx"
2025-09-06T20:06:30.591036Z  INFO scan_sources: tailwindcss_oxide::scanner: Discovering "C:\\Users\\admin\\OneDrive - Vilnius University\\ARISZE_FINAL\\arisze-app\\components\\sections\\events-grid.tsx"
2025-09-06T20:06:30.591108Z  INFO scan_sources: tailwindcss_oxide::scanner: Discovering "C:\\Users\\admin\\OneDrive - Vilnius University\\ARISZE_FINAL\\arisze-app\\components\\sections\\events-view.tsx"
2025-09-06T20:06:30.591183Z  INFO scan_sources: tailwindcss_oxide::scanner: Discovering "C:\\Users\\admin\\OneDrive - Vilnius University\\ARISZE_FINAL\\arisze-app\\components\\sections\\featured-events-section.tsx"
2025-09-06T20:06:30.591253Z  INFO scan_sources: tailwindcss_oxide::scanner: Discovering "C:\\Users\\admin\\OneDrive - Vilnius University\\ARISZE_FINAL\\arisze-app\\components\\sections\\hero-section.tsx"
2025-09-06T20:06:30.591324Z  INFO scan_sources: tailwindcss_oxide::scanner: Discovering "C:\\Users\\admin\\OneDrive - Vilnius University\\ARISZE_FINAL\\arisze-app\\components\\sections\\my-events-section.tsx"
2025-09-06T20:06:30.591396Z  INFO scan_sources: tailwindcss_oxide::scanner: Discovering "C:\\Users\\admin\\OneDrive - Vilnius University\\ARISZE_FINAL\\arisze-app\\components\\sections\\profile-section.tsx"
2025-09-06T20:06:30.591468Z  INFO scan_sources: tailwindcss_oxide::scanner: Discovering "C:\\Users\\admin\\OneDrive - Vilnius University\\ARISZE_FINAL\\arisze-app\\components\\sections\\recommendations-grid.tsx"
2025-09-06T20:06:30.591538Z  INFO scan_sources: tailwindcss_oxide::scanner: Discovering "C:\\Users\\admin\\OneDrive - Vilnius University\\ARISZE_FINAL\\arisze-app\\components\\sections\\universities-view.tsx"
2025-09-06T20:06:30.591612Z  INFO scan_sources: tailwindcss_oxide::scanner: Discovering "C:\\Users\\admin\\OneDrive - Vilnius University\\ARISZE_FINAL\\arisze-app\\components\\sections\\vibe-quiz.tsx"
2025-09-06T20:06:30.591710Z  INFO scan_sources: tailwindcss_oxide::scanner: Discovering "C:\\Users\\admin\\OneDrive - Vilnius University\\ARISZE_FINAL\\arisze-app\\components\\theme-provider.tsx"
2025-09-06T20:06:30.591830Z  INFO scan_sources: tailwindcss_oxide::scanner: Discovering "C:\\Users\\admin\\OneDrive - Vilnius University\\ARISZE_FINAL\\arisze-app\\components\\ui"
2025-09-06T20:06:30.592006Z  INFO scan_sources: tailwindcss_oxide::scanner: Discovering "C:\\Users\\admin\\OneDrive - Vilnius University\\ARISZE_FINAL\\arisze-app\\components\\ui\\accordion.tsx"
2025-09-06T20:06:30.592083Z  INFO scan_sources: tailwindcss_oxide::scanner: Discovering "C:\\Users\\admin\\OneDrive - Vilnius University\\ARISZE_FINAL\\arisze-app\\components\\ui\\alert-dialog.tsx"
2025-09-06T20:06:30.592157Z  INFO scan_sources: tailwindcss_oxide::scanner: Discovering "C:\\Users\\admin\\OneDrive - Vilnius University\\ARISZE_FINAL\\arisze-app\\components\\ui\\alert.tsx"
2025-09-06T20:06:30.592228Z  INFO scan_sources: tailwindcss_oxide::scanner: Discovering "C:\\Users\\admin\\OneDrive - Vilnius University\\ARISZE_FINAL\\arisze-app\\components\\ui\\aspect-ratio.tsx"
2025-09-06T20:06:30.592296Z  INFO scan_sources: tailwindcss_oxide::scanner: Discovering "C:\\Users\\admin\\OneDrive - Vilnius University\\ARISZE_FINAL\\arisze-app\\components\\ui\\avatar.tsx"
2025-09-06T20:06:30.592362Z  INFO scan_sources: tailwindcss_oxide::scanner: Discovering "C:\\Users\\admin\\OneDrive - Vilnius University\\ARISZE_FINAL\\arisze-app\\components\\ui\\badge.tsx"
2025-09-06T20:06:30.592433Z  INFO scan_sources: tailwindcss_oxide::scanner: Discovering "C:\\Users\\admin\\OneDrive - Vilnius University\\ARISZE_FINAL\\arisze-app\\components\\ui\\blob-animation.tsx"
2025-09-06T20:06:30.594553Z  INFO scan_sources: tailwindcss_oxide::scanner: Discovering "C:\\Users\\admin\\OneDrive - Vilnius University\\ARISZE_FINAL\\arisze-app\\components\\ui\\booking-modal.tsx"
2025-09-06T20:06:30.594711Z  INFO scan_sources: tailwindcss_oxide::scanner: Discovering "C:\\Users\\admin\\OneDrive - Vilnius University\\ARISZE_FINAL\\arisze-app\\components\\ui\\breadcrumb.tsx"
2025-09-06T20:06:30.594796Z  INFO scan_sources: tailwindcss_oxide::scanner: Discovering "C:\\Users\\admin\\OneDrive - Vilnius University\\ARISZE_FINAL\\arisze-app\\components\\ui\\button.tsx"
2025-09-06T20:06:30.594872Z  INFO scan_sources: tailwindcss_oxide::scanner: Discovering "C:\\Users\\admin\\OneDrive - Vilnius University\\ARISZE_FINAL\\arisze-app\\components\\ui\\cafe-card.tsx"
2025-09-06T20:06:30.594950Z  INFO scan_sources: tailwindcss_oxide::scanner: Discovering "C:\\Users\\admin\\OneDrive - Vilnius University\\ARISZE_FINAL\\arisze-app\\components\\ui\\calendar.tsx"
2025-09-06T20:06:30.595024Z  INFO scan_sources: tailwindcss_oxide::scanner: Discovering "C:\\Users\\admin\\OneDrive - Vilnius University\\ARISZE_FINAL\\arisze-app\\components\\ui\\card.tsx"
2025-09-06T20:06:30.595098Z  INFO scan_sources: tailwindcss_oxide::scanner: Discovering "C:\\Users\\admin\\OneDrive - Vilnius University\\ARISZE_FINAL\\arisze-app\\components\\ui\\carousel.tsx"
2025-09-06T20:06:30.595171Z  INFO scan_sources: tailwindcss_oxide::scanner: Discovering "C:\\Users\\admin\\OneDrive - Vilnius University\\ARISZE_FINAL\\arisze-app\\components\\ui\\chart.tsx"
2025-09-06T20:06:30.595239Z  INFO scan_sources: tailwindcss_oxide::scanner: Discovering "C:\\Users\\admin\\OneDrive - Vilnius University\\ARISZE_FINAL\\arisze-app\\components\\ui\\checkbox.tsx"
2025-09-06T20:06:30.595308Z  INFO scan_sources: tailwindcss_oxide::scanner: Discovering "C:\\Users\\admin\\OneDrive - Vilnius University\\ARISZE_FINAL\\arisze-app\\components\\ui\\collapsible.tsx"
2025-09-06T20:06:30.595376Z  INFO scan_sources: tailwindcss_oxide::scanner: Discovering "C:\\Users\\admin\\OneDrive - Vilnius University\\ARISZE_FINAL\\arisze-app\\components\\ui\\command.tsx"
2025-09-06T20:06:30.595458Z  INFO scan_sources: tailwindcss_oxide::scanner: Discovering "C:\\Users\\admin\\OneDrive - Vilnius University\\ARISZE_FINAL\\arisze-app\\components\\ui\\context-menu.tsx"
2025-09-06T20:06:30.595527Z  INFO scan_sources: tailwindcss_oxide::scanner: Discovering "C:\\Users\\admin\\OneDrive - Vilnius University\\ARISZE_FINAL\\arisze-app\\components\\ui\\dialog.tsx"
2025-09-06T20:06:30.595598Z  INFO scan_sources: tailwindcss_oxide::scanner: Discovering "C:\\Users\\admin\\OneDrive - Vilnius University\\ARISZE_FINAL\\arisze-app\\components\\ui\\drawer.tsx"
2025-09-06T20:06:30.595668Z  INFO scan_sources: tailwindcss_oxide::scanner: Discovering "C:\\Users\\admin\\OneDrive - Vilnius University\\ARISZE_FINAL\\arisze-app\\components\\ui\\dropdown-menu.tsx"
2025-09-06T20:06:30.595785Z  INFO scan_sources: tailwindcss_oxide::scanner: Discovering "C:\\Users\\admin\\OneDrive - Vilnius University\\ARISZE_FINAL\\arisze-app\\components\\ui\\event-card.tsx"
2025-09-06T20:06:30.595861Z  INFO scan_sources: tailwindcss_oxide::scanner: Discovering "C:\\Users\\admin\\OneDrive - Vilnius University\\ARISZE_FINAL\\arisze-app\\components\\ui\\event-skeleton-card.tsx"
2025-09-06T20:06:30.595931Z  INFO scan_sources: tailwindcss_oxide::scanner: Discovering "C:\\Users\\admin\\OneDrive - Vilnius University\\ARISZE_FINAL\\arisze-app\\components\\ui\\footer.tsx"
2025-09-06T20:06:30.596002Z  INFO scan_sources: tailwindcss_oxide::scanner: Discovering "C:\\Users\\admin\\OneDrive - Vilnius University\\ARISZE_FINAL\\arisze-app\\components\\ui\\form.tsx"
2025-09-06T20:06:30.596070Z  INFO scan_sources: tailwindcss_oxide::scanner: Discovering "C:\\Users\\admin\\OneDrive - Vilnius University\\ARISZE_FINAL\\arisze-app\\components\\ui\\header.tsx"
2025-09-06T20:06:30.596140Z  INFO scan_sources: tailwindcss_oxide::scanner: Discovering "C:\\Users\\admin\\OneDrive - Vilnius University\\ARISZE_FINAL\\arisze-app\\components\\ui\\hover-card.tsx"
2025-09-06T20:06:30.596214Z  INFO scan_sources: tailwindcss_oxide::scanner: Discovering "C:\\Users\\admin\\OneDrive - Vilnius University\\ARISZE_FINAL\\arisze-app\\components\\ui\\input-otp.tsx"
2025-09-06T20:06:30.596282Z  INFO scan_sources: tailwindcss_oxide::scanner: Discovering "C:\\Users\\admin\\OneDrive - Vilnius University\\ARISZE_FINAL\\arisze-app\\components\\ui\\input.tsx"
2025-09-06T20:06:30.596351Z  INFO scan_sources: tailwindcss_oxide::scanner: Discovering "C:\\Users\\admin\\OneDrive - Vilnius University\\ARISZE_FINAL\\arisze-app\\components\\ui\\label.tsx"
2025-09-06T20:06:30.596419Z  INFO scan_sources: tailwindcss_oxide::scanner: Discovering "C:\\Users\\admin\\OneDrive - Vilnius University\\ARISZE_FINAL\\arisze-app\\components\\ui\\menubar.tsx"
2025-09-06T20:06:30.596497Z  INFO scan_sources: tailwindcss_oxide::scanner: Discovering "C:\\Users\\admin\\OneDrive - Vilnius University\\ARISZE_FINAL\\arisze-app\\components\\ui\\navigation-menu.tsx"
2025-09-06T20:06:30.596571Z  INFO scan_sources: tailwindcss_oxide::scanner: Discovering "C:\\Users\\admin\\OneDrive - Vilnius University\\ARISZE_FINAL\\arisze-app\\components\\ui\\pagination.tsx"
2025-09-06T20:06:30.596644Z  INFO scan_sources: tailwindcss_oxide::scanner: Discovering "C:\\Users\\admin\\OneDrive - Vilnius University\\ARISZE_FINAL\\arisze-app\\components\\ui\\particle-background.tsx"
2025-09-06T20:06:30.596719Z  INFO scan_sources: tailwindcss_oxide::scanner: Discovering "C:\\Users\\admin\\OneDrive - Vilnius University\\ARISZE_FINAL\\arisze-app\\components\\ui\\popover.tsx"
2025-09-06T20:06:30.596787Z  INFO scan_sources: tailwindcss_oxide::scanner: Discovering "C:\\Users\\admin\\OneDrive - Vilnius University\\ARISZE_FINAL\\arisze-app\\components\\ui\\progress.tsx"
2025-09-06T20:06:30.596855Z  INFO scan_sources: tailwindcss_oxide::scanner: Discovering "C:\\Users\\admin\\OneDrive - Vilnius University\\ARISZE_FINAL\\arisze-app\\components\\ui\\radio-group.tsx"
2025-09-06T20:06:30.596925Z  INFO scan_sources: tailwindcss_oxide::scanner: Discovering "C:\\Users\\admin\\OneDrive - Vilnius University\\ARISZE_FINAL\\arisze-app\\components\\ui\\recommendation-card.tsx"
2025-09-06T20:06:30.596995Z  INFO scan_sources: tailwindcss_oxide::scanner: Discovering "C:\\Users\\admin\\OneDrive - Vilnius University\\ARISZE_FINAL\\arisze-app\\components\\ui\\resizable.tsx"
2025-09-06T20:06:30.597063Z  INFO scan_sources: tailwindcss_oxide::scanner: Discovering "C:\\Users\\admin\\OneDrive - Vilnius University\\ARISZE_FINAL\\arisze-app\\components\\ui\\scroll-area.tsx"
2025-09-06T20:06:30.597162Z  INFO scan_sources: tailwindcss_oxide::scanner: Discovering "C:\\Users\\admin\\OneDrive - Vilnius University\\ARISZE_FINAL\\arisze-app\\components\\ui\\select.tsx"
2025-09-06T20:06:30.597239Z  INFO scan_sources: tailwindcss_oxide::scanner: Discovering "C:\\Users\\admin\\OneDrive - Vilnius University\\ARISZE_FINAL\\arisze-app\\components\\ui\\separator.tsx"
2025-09-06T20:06:30.597316Z  INFO scan_sources: tailwindcss_oxide::scanner: Discovering "C:\\Users\\admin\\OneDrive - Vilnius University\\ARISZE_FINAL\\arisze-app\\components\\ui\\sheet.tsx"
2025-09-06T20:06:30.597393Z  INFO scan_sources: tailwindcss_oxide::scanner: Discovering "C:\\Users\\admin\\OneDrive - Vilnius University\\ARISZE_FINAL\\arisze-app\\components\\ui\\sidebar.tsx"
2025-09-06T20:06:30.597463Z  INFO scan_sources: tailwindcss_oxide::scanner: Discovering "C:\\Users\\admin\\OneDrive - Vilnius University\\ARISZE_FINAL\\arisze-app\\components\\ui\\skeleton.tsx"
2025-09-06T20:06:30.597531Z  INFO scan_sources: tailwindcss_oxide::scanner: Discovering "C:\\Users\\admin\\OneDrive - Vilnius University\\ARISZE_FINAL\\arisze-app\\components\\ui\\slider.tsx"
2025-09-06T20:06:30.597598Z  INFO scan_sources: tailwindcss_oxide::scanner: Discovering "C:\\Users\\admin\\OneDrive - Vilnius University\\ARISZE_FINAL\\arisze-app\\components\\ui\\sonner.tsx"
2025-09-06T20:06:30.597674Z  INFO scan_sources: tailwindcss_oxide::scanner: Discovering "C:\\Users\\admin\\OneDrive - Vilnius University\\ARISZE_FINAL\\arisze-app\\components\\ui\\switch.tsx"
2025-09-06T20:06:30.597751Z  INFO scan_sources: tailwindcss_oxide::scanner: Discovering "C:\\Users\\admin\\OneDrive - Vilnius University\\ARISZE_FINAL\\arisze-app\\components\\ui\\table.tsx"
2025-09-06T20:06:30.597822Z  INFO scan_sources: tailwindcss_oxide::scanner: Discovering "C:\\Users\\admin\\OneDrive - Vilnius University\\ARISZE_FINAL\\arisze-app\\components\\ui\\tabs.tsx"
2025-09-06T20:06:30.597889Z  INFO scan_sources: tailwindcss_oxide::scanner: Discovering "C:\\Users\\admin\\OneDrive - Vilnius University\\ARISZE_FINAL\\arisze-app\\components\\ui\\textarea.tsx"
2025-09-06T20:06:30.597964Z  INFO scan_sources: tailwindcss_oxide::scanner: Discovering "C:\\Users\\admin\\OneDrive - Vilnius University\\ARISZE_FINAL\\arisze-app\\components\\ui\\toast.tsx"
2025-09-06T20:06:30.598034Z  INFO scan_sources: tailwindcss_oxide::scanner: Discovering "C:\\Users\\admin\\OneDrive - Vilnius University\\ARISZE_FINAL\\arisze-app\\components\\ui\\toaster.tsx"
2025-09-06T20:06:30.598102Z  INFO scan_sources: tailwindcss_oxide::scanner: Discovering "C:\\Users\\admin\\OneDrive - Vilnius University\\ARISZE_FINAL\\arisze-app\\components\\ui\\toggle-group.tsx"
2025-09-06T20:06:30.598171Z  INFO scan_sources: tailwindcss_oxide::scanner: Discovering "C:\\Users\\admin\\OneDrive - Vilnius University\\ARISZE_FINAL\\arisze-app\\components\\ui\\toggle.tsx"
2025-09-06T20:06:30.598238Z  INFO scan_sources: tailwindcss_oxide::scanner: Discovering "C:\\Users\\admin\\OneDrive - Vilnius University\\ARISZE_FINAL\\arisze-app\\components\\ui\\tooltip.tsx"
2025-09-06T20:06:30.598309Z  INFO scan_sources: tailwindcss_oxide::scanner: Discovering "C:\\Users\\admin\\OneDrive - Vilnius University\\ARISZE_FINAL\\arisze-app\\components\\ui\\university-card.tsx"
2025-09-06T20:06:30.598379Z  INFO scan_sources: tailwindcss_oxide::scanner: Discovering "C:\\Users\\admin\\OneDrive - Vilnius University\\ARISZE_FINAL\\arisze-app\\components\\ui\\use-mobile.tsx"
2025-09-06T20:06:30.598453Z  INFO scan_sources: tailwindcss_oxide::scanner: Discovering "C:\\Users\\admin\\OneDrive - Vilnius University\\ARISZE_FINAL\\arisze-app\\components\\ui\\use-toast.ts"
2025-09-06T20:06:30.598582Z  INFO scan_sources: tailwindcss_oxide::scanner: Discovering "C:\\Users\\admin\\OneDrive - Vilnius University\\ARISZE_FINAL\\arisze-app\\components.json"
2025-09-06T20:06:30.598717Z  INFO scan_sources: tailwindcss_oxide::scanner: Discovering "C:\\Users\\admin\\OneDrive - Vilnius University\\ARISZE_FINAL\\arisze-app\\hooks"
2025-09-06T20:06:30.598874Z  INFO scan_sources: tailwindcss_oxide::scanner: Discovering "C:\\Users\\admin\\OneDrive - Vilnius University\\ARISZE_FINAL\\arisze-app\\hooks\\use-api.ts"
2025-09-06T20:06:30.598943Z  INFO scan_sources: tailwindcss_oxide::scanner: Discovering "C:\\Users\\admin\\OneDrive - Vilnius University\\ARISZE_FINAL\\arisze-app\\hooks\\use-mobile.ts"
2025-09-06T20:06:30.599016Z  INFO scan_sources: tailwindcss_oxide::scanner: Discovering "C:\\Users\\admin\\OneDrive - Vilnius University\\ARISZE_FINAL\\arisze-app\\hooks\\use-toast.ts"
2025-09-06T20:06:30.599154Z  INFO scan_sources: tailwindcss_oxide::scanner: Discovering "C:\\Users\\admin\\OneDrive - Vilnius University\\ARISZE_FINAL\\arisze-app\\lib"
2025-09-06T20:06:30.599300Z  INFO scan_sources: tailwindcss_oxide::scanner: Discovering "C:\\Users\\admin\\OneDrive - Vilnius University\\ARISZE_FINAL\\arisze-app\\lib\\init-db.ts"
2025-09-06T20:06:30.599369Z  INFO scan_sources: tailwindcss_oxide::scanner: Discovering "C:\\Users\\admin\\OneDrive - Vilnius University\\ARISZE_FINAL\\arisze-app\\lib\\models.ts"
2025-09-06T20:06:30.599437Z  INFO scan_sources: tailwindcss_oxide::scanner: Discovering "C:\\Users\\admin\\OneDrive - Vilnius University\\ARISZE_FINAL\\arisze-app\\lib\\mongodb.ts"
2025-09-06T20:06:30.599503Z  INFO scan_sources: tailwindcss_oxide::scanner: Discovering "C:\\Users\\admin\\OneDrive - Vilnius University\\ARISZE_FINAL\\arisze-app\\lib\\utils.ts"
2025-09-06T20:06:30.601206Z  INFO scan_sources: tailwindcss_oxide::scanner: Discovering "C:\\Users\\admin\\OneDrive - Vilnius University\\ARISZE_FINAL\\arisze-app\\next.config.mjs"
2025-09-06T20:06:30.602138Z  INFO scan_sources: tailwindcss_oxide::scanner: Discovering "C:\\Users\\admin\\OneDrive - Vilnius University\\ARISZE_FINAL\\arisze-app\\package.json"
2025-09-06T20:06:30.602308Z  INFO scan_sources: tailwindcss_oxide::scanner: Discovering "C:\\Users\\admin\\OneDrive - Vilnius University\\ARISZE_FINAL\\arisze-app\\postcss.config.mjs"
2025-09-06T20:06:30.602477Z  INFO scan_sources: tailwindcss_oxide::scanner: Discovering "C:\\Users\\admin\\OneDrive - Vilnius University\\ARISZE_FINAL\\arisze-app\\public"
2025-09-06T20:06:30.602719Z  INFO scan_sources: tailwindcss_oxide::scanner: Discovering "C:\\Users\\admin\\OneDrive - Vilnius University\\ARISZE_FINAL\\arisze-app\\public\\placeholder-logo.svg"
2025-09-06T20:06:30.602808Z  INFO scan_sources: tailwindcss_oxide::scanner: Discovering "C:\\Users\\admin\\OneDrive - Vilnius University\\ARISZE_FINAL\\arisze-app\\public\\placeholder.svg"
2025-09-06T20:06:30.602966Z  INFO scan_sources: tailwindcss_oxide::scanner: Discovering "C:\\Users\\admin\\OneDrive - Vilnius University\\ARISZE_FINAL\\arisze-app\\styles"
2025-09-06T20:06:30.603110Z  INFO scan_sources: tailwindcss_oxide::scanner: Discovering "C:\\Users\\admin\\OneDrive - Vilnius University\\ARISZE_FINAL\\arisze-app\\styles\\globals.css"
2025-09-06T20:06:30.603237Z  INFO scan_sources: tailwindcss_oxide::scanner: Discovering "C:\\Users\\admin\\OneDrive - Vilnius University\\ARISZE_FINAL\\arisze-app\\tsconfig.json"
2025-09-06T20:06:30.603353Z  INFO scan_sources: tailwindcss_oxide::scanner: Discovering "C:\\Users\\admin\\OneDrive - Vilnius University\\ARISZE_FINAL\\arisze-app\\types"
2025-09-06T20:06:30.603493Z  INFO scan_sources: tailwindcss_oxide::scanner: Discovering "C:\\Users\\admin\\OneDrive - Vilnius University\\ARISZE_FINAL\\arisze-app\\types\\next-auth.d.ts"
2025-09-06T20:06:30.603649Z  INFO scan_sources: tailwindcss_oxide::scanner: exit
2025-09-06T20:06:30.603662Z  INFO extract_candidates: tailwindcss_oxide::scanner: enter
2025-09-06T20:06:30.603672Z  INFO extract_candidates:read_all_files: tailwindcss_oxide::scanner: enter
2025-09-06T20:06:30.603676Z  INFO extract_candidates:read_all_files: tailwindcss_oxide::scanner: Reading 112 file(s)
2025-09-06T20:06:30.604037Z  INFO tailwindcss_oxide::scanner: Reading "C:\\Users\\admin\\OneDrive - Vilnius University\\ARISZE_FINAL\\arisze-app\\.eslintrc.json"
2025-09-06T20:06:30.604138Z  INFO tailwindcss_oxide::scanner: Reading "C:\\Users\\admin\\OneDrive - Vilnius University\\ARISZE_FINAL\\arisze-app\\app\\ai-hub\\page.tsx"
2025-09-06T20:06:30.604287Z  INFO tailwindcss_oxide::scanner: Reading "C:\\Users\\admin\\OneDrive - Vilnius University\\ARISZE_FINAL\\arisze-app\\app\\api\\auth\\register\\route.ts"
2025-09-06T20:06:30.604464Z  INFO tailwindcss_oxide::scanner: Reading "C:\\Users\\admin\\OneDrive - Vilnius University\\ARISZE_FINAL\\arisze-app\\app\\api\\auth\\[...nextauth]\\route.ts"
2025-09-06T20:06:30.604553Z  INFO tailwindcss_oxide::scanner: Reading "C:\\Users\\admin\\OneDrive - Vilnius University\\ARISZE_FINAL\\arisze-app\\app\\api\\bookings\\route.ts"
2025-09-06T20:06:30.604626Z  INFO tailwindcss_oxide::scanner: Reading "C:\\Users\\admin\\OneDrive - Vilnius University\\ARISZE_FINAL\\arisze-app\\app\\api\\cafes\\route.ts"
2025-09-06T20:06:30.604688Z  INFO tailwindcss_oxide::scanner: Reading "C:\\Users\\admin\\OneDrive - Vilnius University\\ARISZE_FINAL\\arisze-app\\app\\api\\events\\route.ts"
2025-09-06T20:06:30.604753Z  INFO tailwindcss_oxide::scanner: Reading "C:\\Users\\admin\\OneDrive - Vilnius University\\ARISZE_FINAL\\arisze-app\\app\\api\\init\\route.ts"
2025-09-06T20:06:30.604813Z  INFO tailwindcss_oxide::scanner: Reading "C:\\Users\\admin\\OneDrive - Vilnius University\\ARISZE_FINAL\\arisze-app\\app\\api\\posts\\route.ts"
2025-09-06T20:06:30.604871Z  INFO tailwindcss_oxide::scanner: Reading "C:\\Users\\admin\\OneDrive - Vilnius University\\ARISZE_FINAL\\arisze-app\\app\\api\\test-connection\\route.ts"
2025-09-06T20:06:30.604930Z  INFO tailwindcss_oxide::scanner: Reading "C:\\Users\\admin\\OneDrive - Vilnius University\\ARISZE_FINAL\\arisze-app\\app\\api\\universities\\route.ts"
2025-09-06T20:06:30.604990Z  INFO tailwindcss_oxide::scanner: Reading "C:\\Users\\admin\\OneDrive - Vilnius University\\ARISZE_FINAL\\arisze-app\\app\\api\\users\\route.ts"
2025-09-06T20:06:30.605054Z  INFO tailwindcss_oxide::scanner: Reading "C:\\Users\\admin\\OneDrive - Vilnius University\\ARISZE_FINAL\\arisze-app\\app\\community\\page.tsx"
2025-09-06T20:06:30.605116Z  INFO tailwindcss_oxide::scanner: Reading "C:\\Users\\admin\\OneDrive - Vilnius University\\ARISZE_FINAL\\arisze-app\\app\\contact\\page.tsx"
2025-09-06T20:06:30.605175Z  INFO tailwindcss_oxide::scanner: Reading "C:\\Users\\admin\\OneDrive - Vilnius University\\ARISZE_FINAL\\arisze-app\\app\\dashboard\\page.tsx"
2025-09-06T20:06:30.605236Z  INFO tailwindcss_oxide::scanner: Reading "C:\\Users\\admin\\OneDrive - Vilnius University\\ARISZE_FINAL\\arisze-app\\app\\events\\page.tsx"
2025-09-06T20:06:30.605295Z  INFO tailwindcss_oxide::scanner: Reading "C:\\Users\\admin\\OneDrive - Vilnius University\\ARISZE_FINAL\\arisze-app\\app\\layout.tsx"
2025-09-06T20:06:30.605357Z  INFO tailwindcss_oxide::scanner: Reading "C:\\Users\\admin\\OneDrive - Vilnius University\\ARISZE_FINAL\\arisze-app\\app\\login\\page.tsx"
2025-09-06T20:06:30.605419Z  INFO tailwindcss_oxide::scanner: Reading "C:\\Users\\admin\\OneDrive - Vilnius University\\ARISZE_FINAL\\arisze-app\\app\\page.tsx"
2025-09-06T20:06:30.605478Z  INFO tailwindcss_oxide::scanner: Reading "C:\\Users\\admin\\OneDrive - Vilnius University\\ARISZE_FINAL\\arisze-app\\app\\signup\\page.tsx"
2025-09-06T20:06:30.605537Z  INFO tailwindcss_oxide::scanner: Reading "C:\\Users\\admin\\OneDrive - Vilnius University\\ARISZE_FINAL\\arisze-app\\components\\providers.tsx"
2025-09-06T20:06:30.605597Z  INFO tailwindcss_oxide::scanner: Reading "C:\\Users\\admin\\OneDrive - Vilnius University\\ARISZE_FINAL\\arisze-app\\components\\sections\\badges-section.tsx"
2025-09-06T20:06:30.605655Z  INFO tailwindcss_oxide::scanner: Reading "C:\\Users\\admin\\OneDrive - Vilnius University\\ARISZE_FINAL\\arisze-app\\components\\sections\\community-feed.tsx"
2025-09-06T20:06:30.605714Z  INFO tailwindcss_oxide::scanner: Reading "C:\\Users\\admin\\OneDrive - Vilnius University\\ARISZE_FINAL\\arisze-app\\components\\sections\\contact-form.tsx"
2025-09-06T20:06:30.605711Z  INFO tailwindcss_oxide::scanner: Reading "C:\\Users\\admin\\OneDrive - Vilnius University\\ARISZE_FINAL\\arisze-app\\components\\ui\\dialog.tsx"
2025-09-06T20:06:30.605776Z  INFO tailwindcss_oxide::scanner: Reading "C:\\Users\\admin\\OneDrive - Vilnius University\\ARISZE_FINAL\\arisze-app\\components\\sections\\create-post.tsx"
2025-09-06T20:06:30.605799Z  INFO tailwindcss_oxide::scanner: Reading "C:\\Users\\admin\\OneDrive - Vilnius University\\ARISZE_FINAL\\arisze-app\\components\\ui\\drawer.tsx"
2025-09-06T20:06:30.605833Z  INFO tailwindcss_oxide::scanner: Reading "C:\\Users\\admin\\OneDrive - Vilnius University\\ARISZE_FINAL\\arisze-app\\components\\sections\\dashboard-sidebar.tsx"
2025-09-06T20:06:30.605903Z  INFO tailwindcss_oxide::scanner: Reading "C:\\Users\\admin\\OneDrive - Vilnius University\\ARISZE_FINAL\\arisze-app\\components\\sections\\events-filters.tsx"
2025-09-06T20:06:30.605906Z  INFO tailwindcss_oxide::scanner: Reading "C:\\Users\\admin\\OneDrive - Vilnius University\\ARISZE_FINAL\\arisze-app\\components\\ui\\dropdown-menu.tsx"
2025-09-06T20:06:30.605959Z  INFO tailwindcss_oxide::scanner: Reading "C:\\Users\\admin\\OneDrive - Vilnius University\\ARISZE_FINAL\\arisze-app\\components\\sections\\events-grid.tsx"
2025-09-06T20:06:30.605972Z  INFO tailwindcss_oxide::scanner: Reading "C:\\Users\\admin\\OneDrive - Vilnius University\\ARISZE_FINAL\\arisze-app\\components\\ui\\event-card.tsx"
2025-09-06T20:06:30.606020Z  INFO tailwindcss_oxide::scanner: Reading "C:\\Users\\admin\\OneDrive - Vilnius University\\ARISZE_FINAL\\arisze-app\\components\\sections\\events-view.tsx"
2025-09-06T20:06:30.606036Z  INFO tailwindcss_oxide::scanner: Reading "C:\\Users\\admin\\OneDrive - Vilnius University\\ARISZE_FINAL\\arisze-app\\components\\ui\\event-skeleton-card.tsx"
2025-09-06T20:06:30.606082Z  INFO tailwindcss_oxide::scanner: Reading "C:\\Users\\admin\\OneDrive - Vilnius University\\ARISZE_FINAL\\arisze-app\\components\\sections\\featured-events-section.tsx"
2025-09-06T20:06:30.606169Z  INFO tailwindcss_oxide::scanner: Reading "C:\\Users\\admin\\OneDrive - Vilnius University\\ARISZE_FINAL\\arisze-app\\components\\sections\\hero-section.tsx"
2025-09-06T20:06:30.606181Z  INFO tailwindcss_oxide::scanner: Reading "C:\\Users\\admin\\OneDrive - Vilnius University\\ARISZE_FINAL\\arisze-app\\components\\ui\\footer.tsx"
2025-09-06T20:06:30.606230Z  INFO tailwindcss_oxide::scanner: Reading "C:\\Users\\admin\\OneDrive - Vilnius University\\ARISZE_FINAL\\arisze-app\\components\\sections\\my-events-section.tsx"
2025-09-06T20:06:30.606245Z  INFO tailwindcss_oxide::scanner: Reading "C:\\Users\\admin\\OneDrive - Vilnius University\\ARISZE_FINAL\\arisze-app\\components\\ui\\form.tsx"
2025-09-06T20:06:30.606288Z  INFO tailwindcss_oxide::scanner: Reading "C:\\Users\\admin\\OneDrive - Vilnius University\\ARISZE_FINAL\\arisze-app\\components\\sections\\profile-section.tsx"
2025-09-06T20:06:30.606306Z  INFO tailwindcss_oxide::scanner: Reading "C:\\Users\\admin\\OneDrive - Vilnius University\\ARISZE_FINAL\\arisze-app\\components\\ui\\header.tsx"
2025-09-06T20:06:30.606345Z  INFO tailwindcss_oxide::scanner: Reading "C:\\Users\\admin\\OneDrive - Vilnius University\\ARISZE_FINAL\\arisze-app\\components\\sections\\recommendations-grid.tsx"
2025-09-06T20:06:30.606401Z  INFO tailwindcss_oxide::scanner: Reading "C:\\Users\\admin\\OneDrive - Vilnius University\\ARISZE_FINAL\\arisze-app\\components\\sections\\universities-view.tsx"
2025-09-06T20:06:30.608107Z  INFO tailwindcss_oxide::scanner: Reading "C:\\Users\\admin\\OneDrive - Vilnius University\\ARISZE_FINAL\\arisze-app\\components\\ui\\hover-card.tsx"
2025-09-06T20:06:30.608589Z  INFO tailwindcss_oxide::scanner: Reading "C:\\Users\\admin\\OneDrive - Vilnius University\\ARISZE_FINAL\\arisze-app\\components\\ui\\input-otp.tsx"
2025-09-06T20:06:30.608705Z  INFO tailwindcss_oxide::scanner: Reading "C:\\Users\\admin\\OneDrive - Vilnius University\\ARISZE_FINAL\\arisze-app\\components\\ui\\input.tsx"
2025-09-06T20:06:30.608821Z  INFO tailwindcss_oxide::scanner: Reading "C:\\Users\\admin\\OneDrive - Vilnius University\\ARISZE_FINAL\\arisze-app\\components\\ui\\label.tsx"
2025-09-06T20:06:30.608952Z  INFO tailwindcss_oxide::scanner: Reading "C:\\Users\\admin\\OneDrive - Vilnius University\\ARISZE_FINAL\\arisze-app\\components\\ui\\menubar.tsx"
2025-09-06T20:06:30.609034Z  INFO tailwindcss_oxide::scanner: Reading "C:\\Users\\admin\\OneDrive - Vilnius University\\ARISZE_FINAL\\arisze-app\\components\\ui\\navigation-menu.tsx"
2025-09-06T20:06:30.609104Z  INFO tailwindcss_oxide::scanner: Reading "C:\\Users\\admin\\OneDrive - Vilnius University\\ARISZE_FINAL\\arisze-app\\components\\ui\\pagination.tsx"
2025-09-06T20:06:30.609147Z  INFO tailwindcss_oxide::scanner: Reading "C:\\Users\\admin\\OneDrive - Vilnius University\\ARISZE_FINAL\\arisze-app\\components\\sections\\vibe-quiz.tsx"
2025-09-06T20:06:30.609214Z  INFO tailwindcss_oxide::scanner: Reading "C:\\Users\\admin\\OneDrive - Vilnius University\\ARISZE_FINAL\\arisze-app\\components\\ui\\particle-background.tsx"
2025-09-06T20:06:30.609234Z  INFO tailwindcss_oxide::scanner: Reading "C:\\Users\\admin\\OneDrive - Vilnius University\\ARISZE_FINAL\\arisze-app\\components\\theme-provider.tsx"
2025-09-06T20:06:30.609280Z  INFO tailwindcss_oxide::scanner: Reading "C:\\Users\\admin\\OneDrive - Vilnius University\\ARISZE_FINAL\\arisze-app\\components\\ui\\popover.tsx"
2025-09-06T20:06:30.609308Z  INFO tailwindcss_oxide::scanner: Reading "C:\\Users\\admin\\OneDrive - Vilnius University\\ARISZE_FINAL\\arisze-app\\components\\ui\\accordion.tsx"
2025-09-06T20:06:30.609345Z  INFO tailwindcss_oxide::scanner: Reading "C:\\Users\\admin\\OneDrive - Vilnius University\\ARISZE_FINAL\\arisze-app\\components\\ui\\progress.tsx"
2025-09-06T20:06:30.609375Z  INFO tailwindcss_oxide::scanner: Reading "C:\\Users\\admin\\OneDrive - Vilnius University\\ARISZE_FINAL\\arisze-app\\components\\ui\\alert-dialog.tsx"
2025-09-06T20:06:30.609409Z  INFO tailwindcss_oxide::scanner: Reading "C:\\Users\\admin\\OneDrive - Vilnius University\\ARISZE_FINAL\\arisze-app\\components\\ui\\radio-group.tsx"
2025-09-06T20:06:30.609441Z  INFO tailwindcss_oxide::scanner: Reading "C:\\Users\\admin\\OneDrive - Vilnius University\\ARISZE_FINAL\\arisze-app\\components\\ui\\alert.tsx"
2025-09-06T20:06:30.609471Z  INFO tailwindcss_oxide::scanner: Reading "C:\\Users\\admin\\OneDrive - Vilnius University\\ARISZE_FINAL\\arisze-app\\components\\ui\\recommendation-card.tsx"
2025-09-06T20:06:30.609504Z  INFO tailwindcss_oxide::scanner: Reading "C:\\Users\\admin\\OneDrive - Vilnius University\\ARISZE_FINAL\\arisze-app\\components\\ui\\aspect-ratio.tsx"
2025-09-06T20:06:30.609533Z  INFO tailwindcss_oxide::scanner: Reading "C:\\Users\\admin\\OneDrive - Vilnius University\\ARISZE_FINAL\\arisze-app\\components\\ui\\resizable.tsx"
2025-09-06T20:06:30.609567Z  INFO tailwindcss_oxide::scanner: Reading "C:\\Users\\admin\\OneDrive - Vilnius University\\ARISZE_FINAL\\arisze-app\\components\\ui\\avatar.tsx"
2025-09-06T20:06:30.609595Z  INFO tailwindcss_oxide::scanner: Reading "C:\\Users\\admin\\OneDrive - Vilnius University\\ARISZE_FINAL\\arisze-app\\components\\ui\\scroll-area.tsx"
2025-09-06T20:06:30.609629Z  INFO tailwindcss_oxide::scanner: Reading "C:\\Users\\admin\\OneDrive - Vilnius University\\ARISZE_FINAL\\arisze-app\\components\\ui\\badge.tsx"
2025-09-06T20:06:30.609656Z  INFO tailwindcss_oxide::scanner: Reading "C:\\Users\\admin\\OneDrive - Vilnius University\\ARISZE_FINAL\\arisze-app\\components\\ui\\select.tsx"
2025-09-06T20:06:30.609691Z  INFO tailwindcss_oxide::scanner: Reading "C:\\Users\\admin\\OneDrive - Vilnius University\\ARISZE_FINAL\\arisze-app\\components\\ui\\blob-animation.tsx"
2025-09-06T20:06:30.609720Z  INFO tailwindcss_oxide::scanner: Reading "C:\\Users\\admin\\OneDrive - Vilnius University\\ARISZE_FINAL\\arisze-app\\components\\ui\\separator.tsx"
2025-09-06T20:06:30.609758Z  INFO tailwindcss_oxide::scanner: Reading "C:\\Users\\admin\\OneDrive - Vilnius University\\ARISZE_FINAL\\arisze-app\\components\\ui\\booking-modal.tsx"
2025-09-06T20:06:30.609781Z  INFO tailwindcss_oxide::scanner: Reading "C:\\Users\\admin\\OneDrive - Vilnius University\\ARISZE_FINAL\\arisze-app\\components\\ui\\sheet.tsx"
2025-09-06T20:06:30.609820Z  INFO tailwindcss_oxide::scanner: Reading "C:\\Users\\admin\\OneDrive - Vilnius University\\ARISZE_FINAL\\arisze-app\\components\\ui\\breadcrumb.tsx"
2025-09-06T20:06:30.609845Z  INFO tailwindcss_oxide::scanner: Reading "C:\\Users\\admin\\OneDrive - Vilnius University\\ARISZE_FINAL\\arisze-app\\components\\ui\\sidebar.tsx"
2025-09-06T20:06:30.609885Z  INFO tailwindcss_oxide::scanner: Reading "C:\\Users\\admin\\OneDrive - Vilnius University\\ARISZE_FINAL\\arisze-app\\components\\ui\\button.tsx"
2025-09-06T20:06:30.609914Z  INFO tailwindcss_oxide::scanner: Reading "C:\\Users\\admin\\OneDrive - Vilnius University\\ARISZE_FINAL\\arisze-app\\components\\ui\\skeleton.tsx"
2025-09-06T20:06:30.609992Z  INFO tailwindcss_oxide::scanner: Reading "C:\\Users\\admin\\OneDrive - Vilnius University\\ARISZE_FINAL\\arisze-app\\components\\ui\\cafe-card.tsx"
2025-09-06T20:06:30.610019Z  INFO tailwindcss_oxide::scanner: Reading "C:\\Users\\admin\\OneDrive - Vilnius University\\ARISZE_FINAL\\arisze-app\\components\\ui\\slider.tsx"
2025-09-06T20:06:30.610054Z  INFO tailwindcss_oxide::scanner: Reading "C:\\Users\\admin\\OneDrive - Vilnius University\\ARISZE_FINAL\\arisze-app\\components\\ui\\calendar.tsx"
2025-09-06T20:06:30.610088Z  INFO tailwindcss_oxide::scanner: Reading "C:\\Users\\admin\\OneDrive - Vilnius University\\ARISZE_FINAL\\arisze-app\\components\\ui\\sonner.tsx"
2025-09-06T20:06:30.610120Z  INFO tailwindcss_oxide::scanner: Reading "C:\\Users\\admin\\OneDrive - Vilnius University\\ARISZE_FINAL\\arisze-app\\components\\ui\\card.tsx"
2025-09-06T20:06:30.610152Z  INFO tailwindcss_oxide::scanner: Reading "C:\\Users\\admin\\OneDrive - Vilnius University\\ARISZE_FINAL\\arisze-app\\components\\ui\\switch.tsx"
2025-09-06T20:06:30.610183Z  INFO tailwindcss_oxide::scanner: Reading "C:\\Users\\admin\\OneDrive - Vilnius University\\ARISZE_FINAL\\arisze-app\\components\\ui\\carousel.tsx"
2025-09-06T20:06:30.610211Z  INFO tailwindcss_oxide::scanner: Reading "C:\\Users\\admin\\OneDrive - Vilnius University\\ARISZE_FINAL\\arisze-app\\components\\ui\\table.tsx"
2025-09-06T20:06:30.610244Z  INFO tailwindcss_oxide::scanner: Reading "C:\\Users\\admin\\OneDrive - Vilnius University\\ARISZE_FINAL\\arisze-app\\components\\ui\\chart.tsx"
2025-09-06T20:06:30.610273Z  INFO tailwindcss_oxide::scanner: Reading "C:\\Users\\admin\\OneDrive - Vilnius University\\ARISZE_FINAL\\arisze-app\\components\\ui\\tabs.tsx"
2025-09-06T20:06:30.610312Z  INFO tailwindcss_oxide::scanner: Reading "C:\\Users\\admin\\OneDrive - Vilnius University\\ARISZE_FINAL\\arisze-app\\components\\ui\\checkbox.tsx"
2025-09-06T20:06:30.610331Z  INFO tailwindcss_oxide::scanner: Reading "C:\\Users\\admin\\OneDrive - Vilnius University\\ARISZE_FINAL\\arisze-app\\components\\ui\\textarea.tsx"
2025-09-06T20:06:30.610370Z  INFO tailwindcss_oxide::scanner: Reading "C:\\Users\\admin\\OneDrive - Vilnius University\\ARISZE_FINAL\\arisze-app\\components\\ui\\collapsible.tsx"
2025-09-06T20:06:30.610389Z  INFO tailwindcss_oxide::scanner: Reading "C:\\Users\\admin\\OneDrive - Vilnius University\\ARISZE_FINAL\\arisze-app\\components\\ui\\toast.tsx"
2025-09-06T20:06:30.610427Z  INFO tailwindcss_oxide::scanner: Reading "C:\\Users\\admin\\OneDrive - Vilnius University\\ARISZE_FINAL\\arisze-app\\components\\ui\\command.tsx"
2025-09-06T20:06:30.610449Z  INFO tailwindcss_oxide::scanner: Reading "C:\\Users\\admin\\OneDrive - Vilnius University\\ARISZE_FINAL\\arisze-app\\components\\ui\\toaster.tsx"
2025-09-06T20:06:30.610485Z  INFO tailwindcss_oxide::scanner: Reading "C:\\Users\\admin\\OneDrive - Vilnius University\\ARISZE_FINAL\\arisze-app\\components\\ui\\context-menu.tsx"
2025-09-06T20:06:30.610504Z  INFO tailwindcss_oxide::scanner: Reading "C:\\Users\\admin\\OneDrive - Vilnius University\\ARISZE_FINAL\\arisze-app\\components\\ui\\toggle-group.tsx"
2025-09-06T20:06:30.610549Z  INFO tailwindcss_oxide::scanner: Reading "C:\\Users\\admin\\OneDrive - Vilnius University\\ARISZE_FINAL\\arisze-app\\hooks\\use-api.ts"
2025-09-06T20:06:30.610611Z  INFO tailwindcss_oxide::scanner: Reading "C:\\Users\\admin\\OneDrive - Vilnius University\\ARISZE_FINAL\\arisze-app\\components\\ui\\toggle.tsx"
2025-09-06T20:06:30.610620Z  INFO tailwindcss_oxide::scanner: Reading "C:\\Users\\admin\\OneDrive - Vilnius University\\ARISZE_FINAL\\arisze-app\\hooks\\use-mobile.ts"
2025-09-06T20:06:30.610671Z  INFO tailwindcss_oxide::scanner: Reading "C:\\Users\\admin\\OneDrive - Vilnius University\\ARISZE_FINAL\\arisze-app\\components\\ui\\tooltip.tsx"
2025-09-06T20:06:30.610686Z  INFO tailwindcss_oxide::scanner: Reading "C:\\Users\\admin\\OneDrive - Vilnius University\\ARISZE_FINAL\\arisze-app\\hooks\\use-toast.ts"
2025-09-06T20:06:30.610732Z  INFO tailwindcss_oxide::scanner: Reading "C:\\Users\\admin\\OneDrive - Vilnius University\\ARISZE_FINAL\\arisze-app\\components\\ui\\university-card.tsx"
2025-09-06T20:06:30.610750Z  INFO tailwindcss_oxide::scanner: Reading "C:\\Users\\admin\\OneDrive - Vilnius University\\ARISZE_FINAL\\arisze-app\\lib\\init-db.ts"
2025-09-06T20:06:30.610790Z  INFO tailwindcss_oxide::scanner: Reading "C:\\Users\\admin\\OneDrive - Vilnius University\\ARISZE_FINAL\\arisze-app\\components\\ui\\use-mobile.tsx"
2025-09-06T20:06:30.610812Z  INFO tailwindcss_oxide::scanner: Reading "C:\\Users\\admin\\OneDrive - Vilnius University\\ARISZE_FINAL\\arisze-app\\lib\\models.ts"
2025-09-06T20:06:30.610847Z  INFO tailwindcss_oxide::scanner: Reading "C:\\Users\\admin\\OneDrive - Vilnius University\\ARISZE_FINAL\\arisze-app\\components\\ui\\use-toast.ts"
2025-09-06T20:06:30.610872Z  INFO tailwindcss_oxide::scanner: Reading "C:\\Users\\admin\\OneDrive - Vilnius University\\ARISZE_FINAL\\arisze-app\\lib\\mongodb.ts"
2025-09-06T20:06:30.610909Z  INFO tailwindcss_oxide::scanner: Reading "C:\\Users\\admin\\OneDrive - Vilnius University\\ARISZE_FINAL\\arisze-app\\components.json"
2025-09-06T20:06:30.610931Z  INFO tailwindcss_oxide::scanner: Reading "C:\\Users\\admin\\OneDrive - Vilnius University\\ARISZE_FINAL\\arisze-app\\lib\\utils.ts"
2025-09-06T20:06:30.610969Z  INFO tailwindcss_oxide::scanner: Reading "C:\\Users\\admin\\OneDrive - Vilnius University\\ARISZE_FINAL\\arisze-app\\next.config.mjs"
2025-09-06T20:06:30.610992Z  INFO tailwindcss_oxide::scanner: Reading "C:\\Users\\admin\\OneDrive - Vilnius University\\ARISZE_FINAL\\arisze-app\\public\\placeholder-logo.svg"
2025-09-06T20:06:30.611042Z  INFO tailwindcss_oxide::scanner: Reading "C:\\Users\\admin\\OneDrive - Vilnius University\\ARISZE_FINAL\\arisze-app\\package.json"
2025-09-06T20:06:30.611050Z  INFO tailwindcss_oxide::scanner: Reading "C:\\Users\\admin\\OneDrive - Vilnius University\\ARISZE_FINAL\\arisze-app\\public\\placeholder.svg"
2025-09-06T20:06:30.611105Z  INFO tailwindcss_oxide::scanner: Reading "C:\\Users\\admin\\OneDrive - Vilnius University\\ARISZE_FINAL\\arisze-app\\postcss.config.mjs"
2025-09-06T20:06:30.611112Z  INFO tailwindcss_oxide::scanner: Reading "C:\\Users\\admin\\OneDrive - Vilnius University\\ARISZE_FINAL\\arisze-app\\tsconfig.json"
2025-09-06T20:06:30.611163Z  INFO tailwindcss_oxide::scanner: Reading "C:\\Users\\admin\\OneDrive - Vilnius University\\ARISZE_FINAL\\arisze-app\\types\\next-auth.d.ts"
2025-09-06T20:06:30.611577Z  INFO extract_candidates:read_all_files: tailwindcss_oxide::scanner: exit
2025-09-06T20:06:30.611592Z  INFO extract_candidates:parse_all_blobs: tailwindcss_oxide::scanner: enter
2025-09-06T20:06:30.611600Z  INFO extract_candidates:parse_all_blobs:extract: tailwindcss_oxide::scanner: enter
2025-09-06T20:06:30.625902Z  INFO extract_candidates:parse_all_blobs:extract: tailwindcss_oxide::scanner: exit
2025-09-06T20:06:30.625959Z  INFO extract_candidates:parse_all_blobs: tailwindcss_oxide::scanner: exit
2025-09-06T20:06:30.625972Z  INFO extract_candidates:read_all_files: tailwindcss_oxide::scanner: enter
2025-09-06T20:06:30.625977Z  INFO extract_candidates:read_all_files: tailwindcss_oxide::scanner: Reading 2 file(s)
2025-09-06T20:06:30.626148Z  INFO tailwindcss_oxide::scanner: Reading "C:\\Users\\admin\\OneDrive - Vilnius University\\ARISZE_FINAL\\arisze-app\\app\\globals.css"
2025-09-06T20:06:30.626228Z  INFO tailwindcss_oxide::scanner: Reading "C:\\Users\\admin\\OneDrive - Vilnius University\\ARISZE_FINAL\\arisze-app\\styles\\globals.css"
2025-09-06T20:06:30.626245Z  INFO extract_candidates:read_all_files: tailwindcss_oxide::scanner: exit
2025-09-06T20:06:30.626255Z  INFO extract_candidates:extract_css_variables: tailwindcss_oxide::scanner: enter
2025-09-06T20:06:30.626261Z  INFO extract_candidates:extract_css_variables:extract: tailwindcss_oxide::scanner: enter
2025-09-06T20:06:30.626387Z  INFO extract_candidates:extract_css_variables:extract: tailwindcss_oxide::scanner: exit
2025-09-06T20:06:30.626399Z  INFO extract_candidates:extract_css_variables: tailwindcss_oxide::scanner: exit
2025-09-06T20:06:30.630309Z  INFO extract_candidates: tailwindcss_oxide::scanner: exit
2025-09-06T20:06:30.631537Z  INFO get_files: tailwindcss_oxide::scanner: enter
2025-09-06T20:06:30.631556Z  INFO get_files:scan_sources: tailwindcss_oxide::scanner: enter
2025-09-06T20:06:30.632919Z  INFO get_files:scan_sources: tailwindcss_oxide::scanner: Discovering "C:\\Users\\admin\\OneDrive - Vilnius University\\ARISZE_FINAL\\arisze-app\\app"
2025-09-06T20:06:30.633132Z  INFO get_files:scan_sources: tailwindcss_oxide::scanner: Discovering "C:\\Users\\admin\\OneDrive - Vilnius University\\ARISZE_FINAL\\arisze-app\\app\\ai-hub"
2025-09-06T20:06:30.633390Z  INFO get_files:scan_sources: tailwindcss_oxide::scanner: Discovering "C:\\Users\\admin\\OneDrive - Vilnius University\\ARISZE_FINAL\\arisze-app\\app\\api"
2025-09-06T20:06:30.633581Z  INFO get_files:scan_sources: tailwindcss_oxide::scanner: Discovering "C:\\Users\\admin\\OneDrive - Vilnius University\\ARISZE_FINAL\\arisze-app\\app\\api\\auth"
2025-09-06T20:06:30.633774Z  INFO get_files:scan_sources: tailwindcss_oxide::scanner: Discovering "C:\\Users\\admin\\OneDrive - Vilnius University\\ARISZE_FINAL\\arisze-app\\app\\api\\auth\\register"
2025-09-06T20:06:30.634092Z  INFO get_files:scan_sources: tailwindcss_oxide::scanner: Discovering "C:\\Users\\admin\\OneDrive - Vilnius University\\ARISZE_FINAL\\arisze-app\\app\\api\\auth\\[...nextauth]"
2025-09-06T20:06:30.636610Z  INFO get_files:scan_sources: tailwindcss_oxide::scanner: Discovering "C:\\Users\\admin\\OneDrive - Vilnius University\\ARISZE_FINAL\\arisze-app\\app\\api\\bookings"
2025-09-06T20:06:30.636917Z  INFO get_files:scan_sources: tailwindcss_oxide::scanner: Discovering "C:\\Users\\admin\\OneDrive - Vilnius University\\ARISZE_FINAL\\arisze-app\\app\\api\\cafes"
2025-09-06T20:06:30.637175Z  INFO get_files:scan_sources: tailwindcss_oxide::scanner: Discovering "C:\\Users\\admin\\OneDrive - Vilnius University\\ARISZE_FINAL\\arisze-app\\app\\api\\events"
2025-09-06T20:06:30.637420Z  INFO get_files:scan_sources: tailwindcss_oxide::scanner: Discovering "C:\\Users\\admin\\OneDrive - Vilnius University\\ARISZE_FINAL\\arisze-app\\app\\api\\init"
2025-09-06T20:06:30.637665Z  INFO get_files:scan_sources: tailwindcss_oxide::scanner: Discovering "C:\\Users\\admin\\OneDrive - Vilnius University\\ARISZE_FINAL\\arisze-app\\app\\api\\posts"
2025-09-06T20:06:30.637915Z  INFO get_files:scan_sources: tailwindcss_oxide::scanner: Discovering "C:\\Users\\admin\\OneDrive - Vilnius University\\ARISZE_FINAL\\arisze-app\\app\\api\\test-connection"
2025-09-06T20:06:30.638248Z  INFO get_files:scan_sources: tailwindcss_oxide::scanner: Discovering "C:\\Users\\admin\\OneDrive - Vilnius University\\ARISZE_FINAL\\arisze-app\\app\\api\\universities"
2025-09-06T20:06:30.638553Z  INFO get_files:scan_sources: tailwindcss_oxide::scanner: Discovering "C:\\Users\\admin\\OneDrive - Vilnius University\\ARISZE_FINAL\\arisze-app\\app\\api\\users"
2025-09-06T20:06:30.638855Z  INFO get_files:scan_sources: tailwindcss_oxide::scanner: Discovering "C:\\Users\\admin\\OneDrive - Vilnius University\\ARISZE_FINAL\\arisze-app\\app\\community"
2025-09-06T20:06:30.639116Z  INFO get_files:scan_sources: tailwindcss_oxide::scanner: Discovering "C:\\Users\\admin\\OneDrive - Vilnius University\\ARISZE_FINAL\\arisze-app\\app\\contact"
2025-09-06T20:06:30.639476Z  INFO get_files:scan_sources: tailwindcss_oxide::scanner: Discovering "C:\\Users\\admin\\OneDrive - Vilnius University\\ARISZE_FINAL\\arisze-app\\app\\dashboard"
2025-09-06T20:06:30.639738Z  INFO get_files:scan_sources: tailwindcss_oxide::scanner: Discovering "C:\\Users\\admin\\OneDrive - Vilnius University\\ARISZE_FINAL\\arisze-app\\app\\events"
2025-09-06T20:06:30.640087Z  INFO get_files:scan_sources: tailwindcss_oxide::scanner: Discovering "C:\\Users\\admin\\OneDrive - Vilnius University\\ARISZE_FINAL\\arisze-app\\app\\login"
2025-09-06T20:06:30.640386Z  INFO get_files:scan_sources: tailwindcss_oxide::scanner: Discovering "C:\\Users\\admin\\OneDrive - Vilnius University\\ARISZE_FINAL\\arisze-app\\app\\signup"
2025-09-06T20:06:30.640674Z  INFO get_files:scan_sources: tailwindcss_oxide::scanner: Discovering "C:\\Users\\admin\\OneDrive - Vilnius University\\ARISZE_FINAL\\arisze-app\\components"
2025-09-06T20:06:30.640911Z  INFO get_files:scan_sources: tailwindcss_oxide::scanner: Discovering "C:\\Users\\admin\\OneDrive - Vilnius University\\ARISZE_FINAL\\arisze-app\\components\\sections"
2025-09-06T20:06:30.644297Z  INFO get_files:scan_sources: tailwindcss_oxide::scanner: Discovering "C:\\Users\\admin\\OneDrive - Vilnius University\\ARISZE_FINAL\\arisze-app\\components\\ui"
2025-09-06T20:06:30.647282Z  INFO get_files:scan_sources: tailwindcss_oxide::scanner: Discovering "C:\\Users\\admin\\OneDrive - Vilnius University\\ARISZE_FINAL\\arisze-app\\hooks"
2025-09-06T20:06:30.647620Z  INFO get_files:scan_sources: tailwindcss_oxide::scanner: Discovering "C:\\Users\\admin\\OneDrive - Vilnius University\\ARISZE_FINAL\\arisze-app\\lib"
2025-09-06T20:06:30.650605Z  INFO get_files:scan_sources: tailwindcss_oxide::scanner: Discovering "C:\\Users\\admin\\OneDrive - Vilnius University\\ARISZE_FINAL\\arisze-app\\public"
2025-09-06T20:06:30.651056Z  INFO get_files:scan_sources: tailwindcss_oxide::scanner: Discovering "C:\\Users\\admin\\OneDrive - Vilnius University\\ARISZE_FINAL\\arisze-app\\styles"
2025-09-06T20:06:30.651368Z  INFO get_files:scan_sources: tailwindcss_oxide::scanner: Discovering "C:\\Users\\admin\\OneDrive - Vilnius University\\ARISZE_FINAL\\arisze-app\\types"
2025-09-06T20:06:30.651606Z  INFO get_files:scan_sources: tailwindcss_oxide::scanner: exit
2025-09-06T20:06:30.651814Z  INFO get_files: tailwindcss_oxide::scanner: exit
2025-09-06T20:06:30.652250Z  INFO get_globs: tailwindcss_oxide::scanner: enter
2025-09-06T20:06:30.652265Z  INFO get_globs:scan_sources: tailwindcss_oxide::scanner: enter
2025-09-06T20:06:30.653607Z  INFO get_globs:scan_sources: tailwindcss_oxide::scanner: Discovering "C:\\Users\\admin\\OneDrive - Vilnius University\\ARISZE_FINAL\\arisze-app\\app"
2025-09-06T20:06:30.653807Z  INFO get_globs:scan_sources: tailwindcss_oxide::scanner: Discovering "C:\\Users\\admin\\OneDrive - Vilnius University\\ARISZE_FINAL\\arisze-app\\app\\ai-hub"
2025-09-06T20:06:30.654053Z  INFO get_globs:scan_sources: tailwindcss_oxide::scanner: Discovering "C:\\Users\\admin\\OneDrive - Vilnius University\\ARISZE_FINAL\\arisze-app\\app\\api"
2025-09-06T20:06:30.654240Z  INFO get_globs:scan_sources: tailwindcss_oxide::scanner: Discovering "C:\\Users\\admin\\OneDrive - Vilnius University\\ARISZE_FINAL\\arisze-app\\app\\api\\auth"
2025-09-06T20:06:30.654425Z  INFO get_globs:scan_sources: tailwindcss_oxide::scanner: Discovering "C:\\Users\\admin\\OneDrive - Vilnius University\\ARISZE_FINAL\\arisze-app\\app\\api\\auth\\register"
2025-09-06T20:06:30.654669Z  INFO get_globs:scan_sources: tailwindcss_oxide::scanner: Discovering "C:\\Users\\admin\\OneDrive - Vilnius University\\ARISZE_FINAL\\arisze-app\\app\\api\\auth\\[...nextauth]"
2025-09-06T20:06:30.654931Z  INFO get_globs:scan_sources: tailwindcss_oxide::scanner: Discovering "C:\\Users\\admin\\OneDrive - Vilnius University\\ARISZE_FINAL\\arisze-app\\app\\api\\bookings"
2025-09-06T20:06:30.657265Z  INFO get_globs:scan_sources: tailwindcss_oxide::scanner: Discovering "C:\\Users\\admin\\OneDrive - Vilnius University\\ARISZE_FINAL\\arisze-app\\app\\api\\cafes"
2025-09-06T20:06:30.657819Z  INFO get_globs:scan_sources: tailwindcss_oxide::scanner: Discovering "C:\\Users\\admin\\OneDrive - Vilnius University\\ARISZE_FINAL\\arisze-app\\app\\api\\events"
2025-09-06T20:06:30.658165Z  INFO get_globs:scan_sources: tailwindcss_oxide::scanner: Discovering "C:\\Users\\admin\\OneDrive - Vilnius University\\ARISZE_FINAL\\arisze-app\\app\\api\\init"
2025-09-06T20:06:30.658430Z  INFO get_globs:scan_sources: tailwindcss_oxide::scanner: Discovering "C:\\Users\\admin\\OneDrive - Vilnius University\\ARISZE_FINAL\\arisze-app\\app\\api\\posts"
2025-09-06T20:06:30.658686Z  INFO get_globs:scan_sources: tailwindcss_oxide::scanner: Discovering "C:\\Users\\admin\\OneDrive - Vilnius University\\ARISZE_FINAL\\arisze-app\\app\\api\\test-connection"
2025-09-06T20:06:30.658932Z  INFO get_globs:scan_sources: tailwindcss_oxide::scanner: Discovering "C:\\Users\\admin\\OneDrive - Vilnius University\\ARISZE_FINAL\\arisze-app\\app\\api\\universities"
2025-09-06T20:06:30.659171Z  INFO get_globs:scan_sources: tailwindcss_oxide::scanner: Discovering "C:\\Users\\admin\\OneDrive - Vilnius University\\ARISZE_FINAL\\arisze-app\\app\\api\\users"
2025-09-06T20:06:30.659429Z  INFO get_globs:scan_sources: tailwindcss_oxide::scanner: Discovering "C:\\Users\\admin\\OneDrive - Vilnius University\\ARISZE_FINAL\\arisze-app\\app\\community"
2025-09-06T20:06:30.659665Z  INFO get_globs:scan_sources: tailwindcss_oxide::scanner: Discovering "C:\\Users\\admin\\OneDrive - Vilnius University\\ARISZE_FINAL\\arisze-app\\app\\contact"
2025-09-06T20:06:30.659901Z  INFO get_globs:scan_sources: tailwindcss_oxide::scanner: Discovering "C:\\Users\\admin\\OneDrive - Vilnius University\\ARISZE_FINAL\\arisze-app\\app\\dashboard"
2025-09-06T20:06:30.660135Z  INFO get_globs:scan_sources: tailwindcss_oxide::scanner: Discovering "C:\\Users\\admin\\OneDrive - Vilnius University\\ARISZE_FINAL\\arisze-app\\app\\events"
2025-09-06T20:06:30.660449Z  INFO get_globs:scan_sources: tailwindcss_oxide::scanner: Discovering "C:\\Users\\admin\\OneDrive - Vilnius University\\ARISZE_FINAL\\arisze-app\\app\\login"
2025-09-06T20:06:30.660724Z  INFO get_globs:scan_sources: tailwindcss_oxide::scanner: Discovering "C:\\Users\\admin\\OneDrive - Vilnius University\\ARISZE_FINAL\\arisze-app\\app\\signup"
2025-09-06T20:06:30.660990Z  INFO get_globs:scan_sources: tailwindcss_oxide::scanner: Discovering "C:\\Users\\admin\\OneDrive - Vilnius University\\ARISZE_FINAL\\arisze-app\\components"
2025-09-06T20:06:30.661224Z  INFO get_globs:scan_sources: tailwindcss_oxide::scanner: Discovering "C:\\Users\\admin\\OneDrive - Vilnius University\\ARISZE_FINAL\\arisze-app\\components\\sections"
2025-09-06T20:06:30.664297Z  INFO get_globs:scan_sources: tailwindcss_oxide::scanner: Discovering "C:\\Users\\admin\\OneDrive - Vilnius University\\ARISZE_FINAL\\arisze-app\\components\\ui"
2025-09-06T20:06:30.666992Z  INFO get_globs:scan_sources: tailwindcss_oxide::scanner: Discovering "C:\\Users\\admin\\OneDrive - Vilnius University\\ARISZE_FINAL\\arisze-app\\hooks"
2025-09-06T20:06:30.667356Z  INFO get_globs:scan_sources: tailwindcss_oxide::scanner: Discovering "C:\\Users\\admin\\OneDrive - Vilnius University\\ARISZE_FINAL\\arisze-app\\lib"
2025-09-06T20:06:30.668028Z  INFO get_globs:scan_sources: tailwindcss_oxide::scanner: Discovering "C:\\Users\\admin\\OneDrive - Vilnius University\\ARISZE_FINAL\\arisze-app\\public"
2025-09-06T20:06:30.668351Z  INFO get_globs:scan_sources: tailwindcss_oxide::scanner: Discovering "C:\\Users\\admin\\OneDrive - Vilnius University\\ARISZE_FINAL\\arisze-app\\styles"
2025-09-06T20:06:30.668633Z  INFO get_globs:scan_sources: tailwindcss_oxide::scanner: Discovering "C:\\Users\\admin\\OneDrive - Vilnius University\\ARISZE_FINAL\\arisze-app\\types"
2025-09-06T20:06:30.668851Z  INFO get_globs:scan_sources: tailwindcss_oxide::scanner: exit
2025-09-06T20:06:30.682055Z  INFO get_globs: tailwindcss_oxide::scanner: exit
